<?xml version="1.0" encoding="UTF-8"?>
<testng-results skipped="0" failed="0" ignored="0" total="0" passed="0">
  <reporter-output>
  </reporter-output>
  <suite name="Suite1" duration-ms="38743" started-at="2019-07-12T12:38:18Z" finished-at="2019-07-12T12:38:57Z">
    <groups>
    </groups>
    <test name="Nopackage" duration-ms="38743" started-at="2019-07-12T12:38:18Z" finished-at="2019-07-12T12:38:57Z">
      <class name="code_practice.Sorting1">
        <test-method status="PASS" signature="initialize()[pri:0, instance:code_practice.Sorting1@1189dd52]" name="initialize" is-config="true" duration-ms="38721" started-at="2019-07-12T12:38:18Z" finished-at="2019-07-12T12:38:57Z">
          <reporter-output>
          </reporter-output>
        </test-method> <!-- initialize -->
      </class> <!-- code_practice.Sorting1 -->
    </test> <!-- Nopackage -->
  </suite> <!-- Suite1 -->
</testng-results>
