<?xml version="1.0" encoding="UTF-8"?>
<testng-results skipped="0" failed="0" ignored="0" total="1" passed="1">
  <reporter-output>
  </reporter-output>
  <suite name="Default suite" duration-ms="130043" started-at="2019-06-28T11:09:01Z" finished-at="2019-06-28T11:11:11Z">
    <groups>
    </groups>
    <test name="Default test" duration-ms="130043" started-at="2019-06-28T11:09:01Z" finished-at="2019-06-28T11:11:11Z">
      <class name="code_practice.Search_2">
        <test-method status="PASS" signature="initialize()[pri:0, instance:code_practice.Search_2@292b08d6]" name="initialize" is-config="true" duration-ms="88845" started-at="2019-06-28T11:09:01Z" finished-at="2019-06-28T11:10:30Z">
          <reporter-output>
          </reporter-output>
        </test-method> <!-- initialize -->
        <test-method status="PASS" signature="search2()[pri:0, instance:code_practice.Search_2@292b08d6]" name="search2" duration-ms="41082" started-at="2019-06-28T11:10:30Z" finished-at="2019-06-28T11:11:11Z">
          <reporter-output>
          </reporter-output>
        </test-method> <!-- search2 -->
      </class> <!-- code_practice.Search_2 -->
    </test> <!-- Default test -->
  </suite> <!-- Default suite -->
</testng-results>
