<?xml version="1.0" encoding="UTF-8"?>
<testng-results skipped="0" failed="0" ignored="0" total="1" passed="1">
  <reporter-output>
  </reporter-output>
  <suite name="Default suite" duration-ms="53928" started-at="2019-07-09T12:57:39Z" finished-at="2019-07-09T12:58:33Z">
    <groups>
    </groups>
    <test name="Default test" duration-ms="53928" started-at="2019-07-09T12:57:39Z" finished-at="2019-07-09T12:58:33Z">
      <class name="code_practice.Sortfunction">
        <test-method status="PASS" signature="initialize()[pri:0, instance:code_practice.Sortfunction@36ebc363]" name="initialize" is-config="true" duration-ms="52206" started-at="2019-07-09T12:57:39Z" finished-at="2019-07-09T12:58:31Z">
          <reporter-output>
          </reporter-output>
        </test-method> <!-- initialize -->
        <test-method status="PASS" signature="test1()[pri:0, instance:code_practice.Sortfunction@36ebc363]" name="test1" duration-ms="1689" started-at="2019-07-09T12:58:31Z" finished-at="2019-07-09T12:58:33Z">
          <reporter-output>
          </reporter-output>
        </test-method> <!-- test1 -->
      </class> <!-- code_practice.Sortfunction -->
    </test> <!-- Default test -->
  </suite> <!-- Default suite -->
</testng-results>
