<?xml version="1.0" encoding="UTF-8"?>
<testng-results skipped="0" failed="0" ignored="0" total="1" passed="1">
  <reporter-output>
  </reporter-output>
  <suite name="Default suite" duration-ms="59623" started-at="2019-08-26T12:09:54Z" finished-at="2019-08-26T12:10:54Z">
    <groups>
    </groups>
    <test name="Default test" duration-ms="59623" started-at="2019-08-26T12:09:54Z" finished-at="2019-08-26T12:10:54Z">
      <class name="code_practice.Add_Customer">
        <test-method status="PASS" signature="initialize()[pri:0, instance:code_practice.Add_Customer@eec5a4a]" name="initialize" is-config="true" duration-ms="43785" started-at="2019-08-26T12:09:54Z" finished-at="2019-08-26T12:10:38Z">
          <reporter-output>
          </reporter-output>
        </test-method> <!-- initialize -->
        <test-method status="PASS" signature="add_customers()[pri:0, instance:code_practice.Add_Customer@eec5a4a]" name="add_customers" duration-ms="15778" started-at="2019-08-26T12:10:38Z" finished-at="2019-08-26T12:10:54Z">
          <reporter-output>
          </reporter-output>
        </test-method> <!-- add_customers -->
      </class> <!-- code_practice.Add_Customer -->
    </test> <!-- Default test -->
  </suite> <!-- Default suite -->
</testng-results>
